2014-Apr-05 23:19:32.064 [main] DEBUG Main.java:35 - Creating the data source
2014-Apr-05 23:19:32.085 [main] DEBUG Main.java:43 - Executing Flyway (database migration)
2014-Apr-05 23:19:33.272 [main] DEBUG Main.java:51 - Contacts
2014-Apr-05 23:19:33.274 [main] DEBUG Main.java:54 -   >> [1] Albert Attard (albert@javacreed.com)
2014-Apr-05 23:23:32.520 [main] DEBUG Main.java:35 - Creating the data source
2014-Apr-05 23:23:32.532 [main] DEBUG Main.java:43 - Executing Flyway (database migration)
2014-Apr-05 23:23:33.509 [main] DEBUG Main.java:51 - Contacts
2014-Apr-05 23:23:33.511 [main] DEBUG Main.java:54 -   >> [1] Albert Attard (albert@javacreed.com)
2014-Apr-05 23:23:33.511 [main] DEBUG Main.java:54 -   >> [2] Albert Attard (albert@javacreed.com)
2014-Apr-05 23:24:32.322 [main] DEBUG Main.java:35 - Creating the data source
2014-Apr-05 23:24:32.335 [main] DEBUG Main.java:43 - Executing Flyway (database migration)
2014-Apr-05 23:24:33.357 [main] DEBUG ApacheCommonsLog.java:39 - Jdbc Url: jdbc:h2:target/db
2014-Apr-05 23:24:33.357 [main] DEBUG ApacheCommonsLog.java:39 - Database: H2 1.3
2014-Apr-05 23:24:33.360 [main] DEBUG ApacheCommonsLog.java:39 - DDL Transactions Supported: false
2014-Apr-05 23:24:33.366 [main] DEBUG ApacheCommonsLog.java:39 - Schema: PUBLIC
2014-Apr-05 23:24:33.378 [main] DEBUG ApacheCommonsLog.java:39 - Schema "PUBLIC" already exists. Skipping schema creation.
2014-Apr-05 23:24:33.386 [main] DEBUG ApacheCommonsLog.java:39 - No upgrade to the Flyway 2.0 format necessary for metadata table "PUBLIC"."schema_version"
2014-Apr-05 23:24:33.394 [main] DEBUG ApacheCommonsLog.java:39 - No metadata table upgrade to the Flyway 2.0.2 format necessary
2014-Apr-05 23:24:33.397 [main] DEBUG ApacheCommonsLog.java:39 - No metadata table upgrade to the Flyway 2.1 format necessary
2014-Apr-05 23:24:33.417 [main] DEBUG ApacheCommonsLog.java:39 - Jdbc Url: jdbc:h2:target/db
2014-Apr-05 23:24:33.417 [main] DEBUG ApacheCommonsLog.java:39 - Database: H2 1.3
2014-Apr-05 23:24:33.423 [main] DEBUG ApacheCommonsLog.java:39 - Locking table "PUBLIC"."schema_version"...
2014-Apr-05 23:24:33.424 [main] DEBUG ApacheCommonsLog.java:39 - Lock acquired for table "PUBLIC"."schema_version"
2014-Apr-05 23:24:33.428 [main] DEBUG ApacheCommonsLog.java:39 - Spring Jdbc available: false
2014-Apr-05 23:24:33.430 [main] DEBUG ApacheCommonsLog.java:39 - Scanning for classpath resources at 'db/migration' (Prefix: 'V', Suffix: '.sql')
2014-Apr-05 23:24:33.432 [main] DEBUG ApacheCommonsLog.java:39 - Scanning URL: file:/C:/Users/Albert/Work/JavaCreed/examples/introduction/Simple%20Java%20Database%20Swing%20Application/Part%2005%20-%20Logging/target/classes/db/migration
2014-Apr-05 23:24:33.433 [main] DEBUG ApacheCommonsLog.java:39 - JBoss VFS v2 available: false
2014-Apr-05 23:24:33.435 [main] DEBUG ApacheCommonsLog.java:39 - Scanning starting at classpath root in filesystem: /C:/Users/Albert/Work/JavaCreed/examples/introduction/Simple Java Database Swing Application/Part 05 - Logging/target/classes/
2014-Apr-05 23:24:33.435 [main] DEBUG ApacheCommonsLog.java:39 - Scanning for resources in path: C:\Users\Albert\Work\JavaCreed\examples\introduction\Simple Java Database Swing Application\Part 05 - Logging\target\classes\db\migration (db/migration)
2014-Apr-05 23:24:33.438 [main] DEBUG ApacheCommonsLog.java:39 - Found resource: db/migration/V1__initial_db.sql
2014-Apr-05 23:24:33.439 [main] DEBUG ApacheCommonsLog.java:39 - Found resource: db/migration/V2__update_table.sql
2014-Apr-05 23:24:33.444 [main] DEBUG ApacheCommonsLog.java:39 - Scanning for classes at 'db/migration' (Implementing: 'com.googlecode.flyway.core.api.migration.jdbc.JdbcMigration')
2014-Apr-05 23:24:33.444 [main] DEBUG ApacheCommonsLog.java:39 - Scanning URL: file:/C:/Users/Albert/Work/JavaCreed/examples/introduction/Simple%20Java%20Database%20Swing%20Application/Part%2005%20-%20Logging/target/classes/db/migration
2014-Apr-05 23:24:33.445 [main] DEBUG ApacheCommonsLog.java:39 - Scanning starting at classpath root in filesystem: /C:/Users/Albert/Work/JavaCreed/examples/introduction/Simple Java Database Swing Application/Part 05 - Logging/target/classes/
2014-Apr-05 23:24:33.445 [main] DEBUG ApacheCommonsLog.java:39 - Scanning for resources in path: C:\Users\Albert\Work\JavaCreed\examples\introduction\Simple Java Database Swing Application\Part 05 - Logging\target\classes\db\migration (db/migration)
2014-Apr-05 23:24:33.446 [main] DEBUG ApacheCommonsLog.java:39 - Filtering out resource: db/migration/V1__initial_db.sql (filename: V1__initial_db.sql)
2014-Apr-05 23:24:33.446 [main] DEBUG ApacheCommonsLog.java:39 - Filtering out resource: db/migration/V2__update_table.sql (filename: V2__update_table.sql)
2014-Apr-05 23:24:33.454 [main] INFO ApacheCommonsLog.java:43 - Current version of schema "PUBLIC": 2
2014-Apr-05 23:24:33.455 [main] INFO ApacheCommonsLog.java:43 - Schema "PUBLIC" is up to date. No migration necessary.
2014-Apr-05 23:24:33.457 [main] DEBUG Main.java:51 - Contacts
2014-Apr-05 23:24:33.458 [main] DEBUG Main.java:54 -   >> [1] Albert Attard (albert@javacreed.com)
2014-Apr-05 23:24:33.459 [main] DEBUG Main.java:54 -   >> [2] Albert Attard (albert@javacreed.com)
2014-Apr-05 23:24:33.459 [main] DEBUG Main.java:54 -   >> [3] Albert Attard (albert@javacreed.com)
